<?xml version="1.0" encoding="UTF-8"?>
<robot generator="Robot 4.1.2 (Python 3.9.2 on win32)" generated="20211211 17:41:05.214" rpa="false" schemaversion="2">
<suite id="s1" name="Tests" source="C:\Users\barte\Desktop\robotframework-sherlock\tests\test_data\tests">
<suite id="s1-s1" name="Nested" source="C:\Users\barte\Desktop\robotframework-sherlock\tests\test_data\tests\nested">
<suite id="s1-s1-s1" name="Test" source="C:\Users\barte\Desktop\robotframework-sherlock\tests\test_data\tests\nested\test.robot">
<test id="s1-s1-s1-t1" name="Test A">
<for flavor="IN RANGE">
<var>${a}</var>
<value>${B}</value>
<iter>
<var name="${a}">0</var>
<kw name="Keyword 1" library="resourceA">
<kw name="Log" library="BuiltIn">
<arg>1</arg>
<doc>Logs the given message with the given level.</doc>
<msg timestamp="20211211 17:41:05.245" level="INFO">1</msg>
<status status="PASS" starttime="20211211 17:41:05.245" endtime="20211211 17:41:05.245"/>
</kw>
<status status="PASS" starttime="20211211 17:41:05.245" endtime="20211211 17:41:05.245"/>
</kw>
<kw name="Keyword 2" library="resourceA">
<kw name="Keyword 3" library="resourceA">
<kw name="Log" library="BuiltIn">
<arg>3</arg>
<doc>Logs the given message with the given level.</doc>
<msg timestamp="20211211 17:41:05.245" level="INFO">3</msg>
<status status="PASS" starttime="20211211 17:41:05.245" endtime="20211211 17:41:05.245"/>
</kw>
<status status="PASS" starttime="20211211 17:41:05.245" endtime="20211211 17:41:05.245"/>
</kw>
<status status="PASS" starttime="20211211 17:41:05.245" endtime="20211211 17:41:05.245"/>
</kw>
<kw name="Keyword 4" library="resourceA">
<kw name="Log" library="BuiltIn">
<arg>4</arg>
<doc>Logs the given message with the given level.</doc>
<msg timestamp="20211211 17:41:05.245" level="INFO">4</msg>
<status status="PASS" starttime="20211211 17:41:05.245" endtime="20211211 17:41:05.245"/>
</kw>
<status status="PASS" starttime="20211211 17:41:05.245" endtime="20211211 17:41:05.245"/>
</kw>
<status status="PASS" starttime="20211211 17:41:05.245" endtime="20211211 17:41:05.245"/>
</iter>
<iter>
<var name="${a}">1</var>
<kw name="Keyword 1" library="resourceA">
<kw name="Log" library="BuiltIn">
<arg>1</arg>
<doc>Logs the given message with the given level.</doc>
<msg timestamp="20211211 17:41:05.245" level="INFO">1</msg>
<status status="PASS" starttime="20211211 17:41:05.245" endtime="20211211 17:41:05.245"/>
</kw>
<status status="PASS" starttime="20211211 17:41:05.245" endtime="20211211 17:41:05.245"/>
</kw>
<kw name="Keyword 2" library="resourceA">
<kw name="Keyword 3" library="resourceA">
<kw name="Log" library="BuiltIn">
<arg>3</arg>
<doc>Logs the given message with the given level.</doc>
<msg timestamp="20211211 17:41:05.245" level="INFO">3</msg>
<status status="PASS" starttime="20211211 17:41:05.245" endtime="20211211 17:41:05.245"/>
</kw>
<status status="PASS" starttime="20211211 17:41:05.245" endtime="20211211 17:41:05.245"/>
</kw>
<status status="PASS" starttime="20211211 17:41:05.245" endtime="20211211 17:41:05.245"/>
</kw>
<kw name="Keyword 4" library="resourceA">
<kw name="Log" library="BuiltIn">
<arg>4</arg>
<doc>Logs the given message with the given level.</doc>
<msg timestamp="20211211 17:41:05.245" level="INFO">4</msg>
<status status="PASS" starttime="20211211 17:41:05.245" endtime="20211211 17:41:05.245"/>
</kw>
<status status="PASS" starttime="20211211 17:41:05.245" endtime="20211211 17:41:05.245"/>
</kw>
<status status="PASS" starttime="20211211 17:41:05.245" endtime="20211211 17:41:05.245"/>
</iter>
<iter>
<var name="${a}">2</var>
<kw name="Keyword 1" library="resourceA">
<kw name="Log" library="BuiltIn">
<arg>1</arg>
<doc>Logs the given message with the given level.</doc>
<msg timestamp="20211211 17:41:05.245" level="INFO">1</msg>
<status status="PASS" starttime="20211211 17:41:05.245" endtime="20211211 17:41:05.245"/>
</kw>
<status status="PASS" starttime="20211211 17:41:05.245" endtime="20211211 17:41:05.245"/>
</kw>
<kw name="Keyword 2" library="resourceA">
<kw name="Keyword 3" library="resourceA">
<kw name="Log" library="BuiltIn">
<arg>3</arg>
<doc>Logs the given message with the given level.</doc>
<msg timestamp="20211211 17:41:05.245" level="INFO">3</msg>
<status status="PASS" starttime="20211211 17:41:05.245" endtime="20211211 17:41:05.245"/>
</kw>
<status status="PASS" starttime="20211211 17:41:05.245" endtime="20211211 17:41:05.245"/>
</kw>
<status status="PASS" starttime="20211211 17:41:05.245" endtime="20211211 17:41:05.245"/>
</kw>
<kw name="Keyword 4" library="resourceA">
<kw name="Log" library="BuiltIn">
<arg>4</arg>
<doc>Logs the given message with the given level.</doc>
<msg timestamp="20211211 17:41:05.245" level="INFO">4</msg>
<status status="PASS" starttime="20211211 17:41:05.245" endtime="20211211 17:41:05.245"/>
</kw>
<status status="PASS" starttime="20211211 17:41:05.245" endtime="20211211 17:41:05.245"/>
</kw>
<status status="PASS" starttime="20211211 17:41:05.245" endtime="20211211 17:41:05.245"/>
</iter>
<iter>
<var name="${a}">3</var>
<kw name="Keyword 1" library="resourceA">
<kw name="Log" library="BuiltIn">
<arg>1</arg>
<doc>Logs the given message with the given level.</doc>
<msg timestamp="20211211 17:41:05.245" level="INFO">1</msg>
<status status="PASS" starttime="20211211 17:41:05.245" endtime="20211211 17:41:05.245"/>
</kw>
<status status="PASS" starttime="20211211 17:41:05.245" endtime="20211211 17:41:05.245"/>
</kw>
<kw name="Keyword 2" library="resourceA">
<kw name="Keyword 3" library="resourceA">
<kw name="Log" library="BuiltIn">
<arg>3</arg>
<doc>Logs the given message with the given level.</doc>
<msg timestamp="20211211 17:41:05.245" level="INFO">3</msg>
<status status="PASS" starttime="20211211 17:41:05.245" endtime="20211211 17:41:05.245"/>
</kw>
<status status="PASS" starttime="20211211 17:41:05.245" endtime="20211211 17:41:05.245"/>
</kw>
<status status="PASS" starttime="20211211 17:41:05.245" endtime="20211211 17:41:05.245"/>
</kw>
<kw name="Keyword 4" library="resourceA">
<kw name="Log" library="BuiltIn">
<arg>4</arg>
<doc>Logs the given message with the given level.</doc>
<msg timestamp="20211211 17:41:05.245" level="INFO">4</msg>
<status status="PASS" starttime="20211211 17:41:05.245" endtime="20211211 17:41:05.245"/>
</kw>
<status status="PASS" starttime="20211211 17:41:05.245" endtime="20211211 17:41:05.245"/>
</kw>
<status status="PASS" starttime="20211211 17:41:05.245" endtime="20211211 17:41:05.245"/>
</iter>
<iter>
<var name="${a}">4</var>
<kw name="Keyword 1" library="resourceA">
<kw name="Log" library="BuiltIn">
<arg>1</arg>
<doc>Logs the given message with the given level.</doc>
<msg timestamp="20211211 17:41:05.245" level="INFO">1</msg>
<status status="PASS" starttime="20211211 17:41:05.245" endtime="20211211 17:41:05.245"/>
</kw>
<status status="PASS" starttime="20211211 17:41:05.245" endtime="20211211 17:41:05.245"/>
</kw>
<kw name="Keyword 2" library="resourceA">
<kw name="Keyword 3" library="resourceA">
<kw name="Log" library="BuiltIn">
<arg>3</arg>
<doc>Logs the given message with the given level.</doc>
<msg timestamp="20211211 17:41:05.245" level="INFO">3</msg>
<status status="PASS" starttime="20211211 17:41:05.245" endtime="20211211 17:41:05.245"/>
</kw>
<status status="PASS" starttime="20211211 17:41:05.245" endtime="20211211 17:41:05.245"/>
</kw>
<status status="PASS" starttime="20211211 17:41:05.245" endtime="20211211 17:41:05.245"/>
</kw>
<kw name="Keyword 4" library="resourceA">
<kw name="Log" library="BuiltIn">
<arg>4</arg>
<doc>Logs the given message with the given level.</doc>
<msg timestamp="20211211 17:41:05.245" level="INFO">4</msg>
<status status="PASS" starttime="20211211 17:41:05.245" endtime="20211211 17:41:05.245"/>
</kw>
<status status="PASS" starttime="20211211 17:41:05.245" endtime="20211211 17:41:05.245"/>
</kw>
<status status="PASS" starttime="20211211 17:41:05.245" endtime="20211211 17:41:05.245"/>
</iter>
<status status="PASS" starttime="20211211 17:41:05.245" endtime="20211211 17:41:05.245"/>
</for>
<kw name="Internal_keyword">
<kw name="Log" library="BuiltIn">
<arg>Internal</arg>
<doc>Logs the given message with the given level.</doc>
<msg timestamp="20211211 17:41:05.245" level="INFO">Internal</msg>
<status status="PASS" starttime="20211211 17:41:05.245" endtime="20211211 17:41:05.245"/>
</kw>
<status status="PASS" starttime="20211211 17:41:05.245" endtime="20211211 17:41:05.245"/>
</kw>
<status status="PASS" starttime="20211211 17:41:05.245" endtime="20211211 17:41:05.245"/>
</test>
<status status="PASS" starttime="20211211 17:41:05.230" endtime="20211211 17:41:05.245"/>
</suite>
<status status="PASS" starttime="20211211 17:41:05.230" endtime="20211211 17:41:05.245"/>
</suite>
<suite id="s1-s2" name="Test" source="C:\Users\barte\Desktop\robotframework-sherlock\tests\test_data\tests\test.robot">
<test id="s1-s2-t1" name="Test A">
<kw name="Keyword 1" library="resourceA">
<kw name="Log" library="BuiltIn">
<arg>1</arg>
<doc>Logs the given message with the given level.</doc>
<msg timestamp="20211211 17:41:05.261" level="INFO">1</msg>
<status status="PASS" starttime="20211211 17:41:05.261" endtime="20211211 17:41:05.261"/>
</kw>
<status status="PASS" starttime="20211211 17:41:05.261" endtime="20211211 17:41:05.261"/>
</kw>
<kw name="Keyword 2" library="resourceA">
<kw name="Keyword 3" library="resourceA">
<kw name="Log" library="BuiltIn">
<arg>3</arg>
<doc>Logs the given message with the given level.</doc>
<msg timestamp="20211211 17:41:05.261" level="INFO">3</msg>
<status status="PASS" starttime="20211211 17:41:05.261" endtime="20211211 17:41:05.261"/>
</kw>
<status status="PASS" starttime="20211211 17:41:05.261" endtime="20211211 17:41:05.261"/>
</kw>
<status status="PASS" starttime="20211211 17:41:05.261" endtime="20211211 17:41:05.261"/>
</kw>
<kw name="Keyword 4">
<msg timestamp="20211211 17:41:05.261" level="FAIL">Multiple keywords with name 'Keyword 4' found. Give the full name of the keyword you want to use:
    resourceA.Keyword 4
    resourceB.Keyword 4</msg>
<status status="FAIL" starttime="20211211 17:41:05.261" endtime="20211211 17:41:05.261"/>
</kw>
<status status="FAIL" starttime="20211211 17:41:05.261" endtime="20211211 17:41:05.261">Multiple keywords with name 'Keyword 4' found. Give the full name of the keyword you want to use:
    resourceA.Keyword 4
    resourceB.Keyword 4</status>
</test>
<test id="s1-s2-t2" name="Test B">
<kw name="Keyword 1" library="resourceA">
<kw name="Log" library="BuiltIn">
<arg>1</arg>
<doc>Logs the given message with the given level.</doc>
<msg timestamp="20211211 17:41:05.261" level="INFO">1</msg>
<status status="PASS" starttime="20211211 17:41:05.261" endtime="20211211 17:41:05.261"/>
</kw>
<status status="PASS" starttime="20211211 17:41:05.261" endtime="20211211 17:41:05.261"/>
</kw>
<kw name="Keyword 4">
<msg timestamp="20211211 17:41:05.261" level="FAIL">Multiple keywords with name 'Keyword 4' found. Give the full name of the keyword you want to use:
    resourceA.Keyword 4
    resourceB.Keyword 4</msg>
<status status="FAIL" starttime="20211211 17:41:05.261" endtime="20211211 17:41:05.261"/>
</kw>
<status status="FAIL" starttime="20211211 17:41:05.261" endtime="20211211 17:41:05.261">Multiple keywords with name 'Keyword 4' found. Give the full name of the keyword you want to use:
    resourceA.Keyword 4
    resourceB.Keyword 4</status>
</test>
<test id="s1-s2-t3" name="Test C">
<kw name="Python Keyword" library="MyPythonLibrary">
<arg>a</arg>
<status status="PASS" starttime="20211211 17:41:05.261" endtime="20211211 17:41:05.261"/>
</kw>
<status status="PASS" starttime="20211211 17:41:05.261" endtime="20211211 17:41:05.261"/>
</test>
<test id="s1-s2-t4" name="Test Embedded">
<kw name="Run Keyword With abcd" library="resourceA" sourcename="Run Keyword With ${variable}">
<kw name="Log" library="BuiltIn">
<arg>${variable}</arg>
<doc>Logs the given message with the given level.</doc>
<msg timestamp="20211211 17:41:05.261" level="INFO">abcd</msg>
<status status="PASS" starttime="20211211 17:41:05.261" endtime="20211211 17:41:05.261"/>
</kw>
<status status="PASS" starttime="20211211 17:41:05.261" endtime="20211211 17:41:05.261"/>
</kw>
<kw name="Run Keyword With 1" library="resourceA" sourcename="Run Keyword With ${variable}">
<kw name="Log" library="BuiltIn">
<arg>${variable}</arg>
<doc>Logs the given message with the given level.</doc>
<msg timestamp="20211211 17:41:05.261" level="INFO">1</msg>
<status status="PASS" starttime="20211211 17:41:05.261" endtime="20211211 17:41:05.261"/>
</kw>
<status status="PASS" starttime="20211211 17:41:05.261" endtime="20211211 17:41:05.261"/>
</kw>
<kw name="run keyword with abc" library="resourceA" sourcename="Run Keyword With ${variable}">
<kw name="Log" library="BuiltIn">
<arg>${variable}</arg>
<doc>Logs the given message with the given level.</doc>
<msg timestamp="20211211 17:41:05.277" level="INFO">abc</msg>
<status status="PASS" starttime="20211211 17:41:05.277" endtime="20211211 17:41:05.277"/>
</kw>
<status status="PASS" starttime="20211211 17:41:05.277" endtime="20211211 17:41:05.277"/>
</kw>
<status status="PASS" starttime="20211211 17:41:05.261" endtime="20211211 17:41:05.277"/>
</test>
<status status="FAIL" starttime="20211211 17:41:05.245" endtime="20211211 17:41:05.277"/>
</suite>
<status status="FAIL" starttime="20211211 17:41:05.214" endtime="20211211 17:41:05.277"/>
</suite>
<statistics>
<total>
<stat pass="3" fail="2" skip="0">All Tests</stat>
</total>
<tag>
</tag>
<suite>
<stat pass="3" fail="2" skip="0" id="s1" name="Tests">Tests</stat>
<stat pass="1" fail="0" skip="0" id="s1-s1" name="Nested">Tests.Nested</stat>
<stat pass="1" fail="0" skip="0" id="s1-s1-s1" name="Test">Tests.Nested.Test</stat>
<stat pass="2" fail="2" skip="0" id="s1-s2" name="Test">Tests.Test</stat>
</suite>
</statistics>
<errors>
<msg timestamp="20211211 17:41:05.230" level="ERROR">Error in file 'C:\Users\barte\Desktop\robotframework-sherlock\tests\test_data\tests\nested\test.robot' on line 3: Resource file 'idontexist.resource' does not exist.</msg>
</errors>
</robot>
